<?xml version="1.0" encoding="UTF-8"?>
<testng-results ignored="0" total="1" passed="1" failed="0" skipped="0">
  <reporter-output>
  </reporter-output>
  <suite started-at="2021-11-12T13:41:39 IST" name="Default suite" finished-at="2021-11-12T13:41:40 IST" duration-ms="608">
    <groups>
    </groups>
    <test started-at="2021-11-12T13:41:39 IST" name="Default test" finished-at="2021-11-12T13:41:40 IST" duration-ms="608">
      <class name="Practice.ExecuteQuery">
        <test-method signature="executeQuery()[pri:0, instance:Practice.ExecuteQuery@3d1cfad4]" started-at="2021-11-12T13:41:39 IST" name="executeQuery" finished-at="2021-11-12T13:41:40 IST" duration-ms="533" status="PASS">
          <reporter-output>
          </reporter-output>
        </test-method> <!-- executeQuery -->
      </class> <!-- Practice.ExecuteQuery -->
    </test> <!-- Default test -->
  </suite> <!-- Default suite -->
</testng-results>
